c:\users\chard\onedrive\projects\connect-4\connect-4\x64\debug\vc143.pdb
c:\users\chard\onedrive\projects\connect-4\connect-4\x64\debug\vc143.idb
c:\users\chard\onedrive\projects\connect-4\connect-4\x64\debug\game.obj
c:\users\chard\onedrive\projects\connect-4\connect-4\x64\debug\board.obj
c:\users\chard\onedrive\projects\connect-4\connect-4\x64\debug\connect-4.obj
c:\users\chard\source\repos\connect-4\connect-4\x64\debug\raylib.dll
c:\users\chard\source\repos\connect-4\connect-4\x64\debug\glfw3.dll
c:\users\chard\onedrive\projects\connect-4\x64\debug\raylib.dll
c:\users\chard\onedrive\projects\connect-4\x64\debug\glfw3.dll
c:\users\chard\onedrive\projects\connect-4\x64\debug\connect-4.exe
c:\users\chard\onedrive\projects\connect-4\x64\debug\connect-4.pdb
c:\users\chard\onedrive\projects\connect-4\connect-4\x64\debug\connect-4.ilk
c:\users\chard\onedrive\projects\connect-4\connect-4\x64\debug\board.obj.enc
c:\users\chard\onedrive\projects\connect-4\connect-4\x64\debug\connect-4.pdb
c:\users\chard\onedrive\projects\connect-4\connect-4\x64\debug\connect-4.tlog\cl.command.1.tlog
c:\users\chard\onedrive\projects\connect-4\connect-4\x64\debug\connect-4.tlog\cl.items.tlog
c:\users\chard\onedrive\projects\connect-4\connect-4\x64\debug\connect-4.tlog\cl.read.1.tlog
c:\users\chard\onedrive\projects\connect-4\connect-4\x64\debug\connect-4.tlog\cl.write.1.tlog
c:\users\chard\onedrive\projects\connect-4\connect-4\x64\debug\connect-4.tlog\connect-4.write.1u.tlog
c:\users\chard\onedrive\projects\connect-4\connect-4\x64\debug\connect-4.tlog\link.command.1.tlog
c:\users\chard\onedrive\projects\connect-4\connect-4\x64\debug\connect-4.tlog\link.read.1.tlog
c:\users\chard\onedrive\projects\connect-4\connect-4\x64\debug\connect-4.tlog\link.secondary.1.tlog
c:\users\chard\onedrive\projects\connect-4\connect-4\x64\debug\connect-4.tlog\link.write.1.tlog
